<?xml version="1.0" encoding="UTF-8"?>
<!-- Generated by org.testng.reporters.JUnitXMLReporter -->
<testsuite ignored="0" hostname="Almazs-MBP.fios-router.home" failures="0" tests="6" name="Test" time="0.035" errors="0" timestamp="07 Mar 2020 17:18:56 GMT">
  <testcase classname="qaclickacademy.AppiumTest" name="IOSApps" time="0.012"/>
  <testcase classname="qaclickacademy.AppiumTest" name="NativeAPAndroid" time="0.0"/>
  <testcase classname="qaclickacademy.SeleniumTest" name="BrowserAutomation" time="0.001"/>
  <testcase classname="qaclickacademy.SeleniumTest" name="elementsUi" time="0.0"/>
  <testcase classname="qaclickacademy.RESTAPITest" name="deleteTwitter" time="0.0"/>
  <testcase classname="qaclickacademy.RESTAPITest" name="posJira" time="0.001"/>
</testsuite> <!-- Test -->
