<?xml version="1.0" encoding="UTF-8"?>
<testng-results ignored="0" total="6" passed="6" failed="0" skipped="0">
  <reporter-output>
  </reporter-output>
  <suite started-at="2020-03-07T17:18:56Z" name="Suite" finished-at="2020-03-07T17:18:56Z" duration-ms="35">
    <groups>
    </groups>
    <test started-at="2020-03-07T17:18:56Z" name="Test" finished-at="2020-03-07T17:18:56Z" duration-ms="35">
      <class name="qaclickacademy.AppiumTest">
        <test-method signature="IOSApps()[pri:0, instance:qaclickacademy.AppiumTest@2e55dd0c]" started-at="2020-03-07T12:18:56Z" name="IOSApps" finished-at="2020-03-07T12:18:56Z" duration-ms="12" status="PASS">
          <reporter-output>
          </reporter-output>
        </test-method> <!-- IOSApps -->
        <test-method signature="NativeAPAndroid()[pri:0, instance:qaclickacademy.AppiumTest@2e55dd0c]" started-at="2020-03-07T12:18:56Z" name="NativeAPAndroid" finished-at="2020-03-07T12:18:56Z" duration-ms="0" status="PASS">
          <reporter-output>
          </reporter-output>
        </test-method> <!-- NativeAPAndroid -->
      </class> <!-- qaclickacademy.AppiumTest -->
      <class name="qaclickacademy.RESTAPITest">
        <test-method signature="deleteTwitter()[pri:0, instance:qaclickacademy.RESTAPITest@69e1dd28]" started-at="2020-03-07T12:18:56Z" name="deleteTwitter" finished-at="2020-03-07T12:18:56Z" duration-ms="0" status="PASS">
          <reporter-output>
          </reporter-output>
        </test-method> <!-- deleteTwitter -->
        <test-method signature="posJira()[pri:0, instance:qaclickacademy.RESTAPITest@69e1dd28]" started-at="2020-03-07T12:18:56Z" name="posJira" finished-at="2020-03-07T12:18:56Z" duration-ms="1" status="PASS">
          <reporter-output>
          </reporter-output>
        </test-method> <!-- posJira -->
      </class> <!-- qaclickacademy.RESTAPITest -->
      <class name="qaclickacademy.SeleniumTest">
        <test-method signature="BrowserAutomation()[pri:0, instance:qaclickacademy.SeleniumTest@3738449f]" started-at="2020-03-07T12:18:56Z" name="BrowserAutomation" finished-at="2020-03-07T12:18:56Z" duration-ms="1" status="PASS">
          <reporter-output>
          </reporter-output>
        </test-method> <!-- BrowserAutomation -->
        <test-method signature="elementsUi()[pri:0, instance:qaclickacademy.SeleniumTest@3738449f]" started-at="2020-03-07T12:18:56Z" name="elementsUi" finished-at="2020-03-07T12:18:56Z" duration-ms="0" status="PASS">
          <reporter-output>
          </reporter-output>
        </test-method> <!-- elementsUi -->
      </class> <!-- qaclickacademy.SeleniumTest -->
    </test> <!-- Test -->
  </suite> <!-- Suite -->
</testng-results>
